<?xml version="1.0" encoding="UTF-8"?>
<coverage generated="1522700314884" clover="3.2.0">
  <project timestamp="1522700314885" name="All files">
    <metrics statements="150" coveredstatements="67" conditionals="40" coveredconditionals="22" methods="69" coveredmethods="17" elements="259" coveredelements="106" complexity="0" loc="150" ncloc="150" packages="5" files="18" classes="18">
      <package name="actions">
        <metrics statements="42" coveredstatements="7" conditionals="6" coveredconditionals="0" methods="25" coveredmethods="0"/>
        <file name="index.js" path="D:\frontcamp\FrontCamp\task9\src\actions\index.js">
          <metrics statements="42" coveredstatements="7" conditionals="6" coveredconditionals="0" methods="25" coveredmethods="0"/>
          <line num="4" count="4" type="stmt"/>
          <line num="5" count="0" type="stmt"/>
          <line num="11" count="4" type="stmt"/>
          <line num="12" count="0" type="stmt"/>
          <line num="17" count="4" type="stmt"/>
          <line num="18" count="0" type="stmt"/>
          <line num="19" count="0" type="stmt"/>
          <line num="20" count="0" type="stmt"/>
          <line num="31" count="0" type="stmt"/>
          <line num="34" count="0" type="cond" truecount="0" falsecount="2"/>
          <line num="35" count="0" type="stmt"/>
          <line num="37" count="0" type="stmt"/>
          <line num="40" count="0" type="stmt"/>
          <line num="44" count="4" type="stmt"/>
          <line num="45" count="0" type="stmt"/>
          <line num="46" count="0" type="stmt"/>
          <line num="47" count="0" type="stmt"/>
          <line num="58" count="0" type="stmt"/>
          <line num="61" count="0" type="cond" truecount="0" falsecount="2"/>
          <line num="62" count="0" type="stmt"/>
          <line num="64" count="0" type="stmt"/>
          <line num="67" count="0" type="stmt"/>
          <line num="71" count="4" type="stmt"/>
          <line num="72" count="0" type="stmt"/>
          <line num="73" count="0" type="stmt"/>
          <line num="79" count="0" type="stmt"/>
          <line num="82" count="0" type="stmt"/>
          <line num="87" count="4" type="stmt"/>
          <line num="88" count="0" type="stmt"/>
          <line num="89" count="0" type="stmt"/>
          <line num="95" count="0" type="stmt"/>
          <line num="98" count="0" type="stmt"/>
          <line num="103" count="4" type="stmt"/>
          <line num="104" count="0" type="stmt"/>
          <line num="105" count="0" type="stmt"/>
          <line num="106" count="0" type="stmt"/>
          <line num="118" count="0" type="stmt"/>
          <line num="119" count="0" type="stmt"/>
          <line num="122" count="0" type="cond" truecount="0" falsecount="2"/>
          <line num="123" count="0" type="stmt"/>
          <line num="125" count="0" type="stmt"/>
          <line num="128" count="0" type="stmt"/>
        </file>
      </package>
      <package name="components">
        <metrics statements="24" coveredstatements="21" conditionals="4" coveredconditionals="4" methods="16" coveredmethods="13"/>
        <file name="AddPostPage.js" path="D:\frontcamp\FrontCamp\task9\src\components\AddPostPage.js">
          <metrics statements="7" coveredstatements="7" conditionals="2" coveredconditionals="2" methods="3" coveredmethods="3"/>
          <line num="10" count="2" type="stmt"/>
          <line num="14" count="2" type="cond" truecount="2" falsecount="0"/>
          <line num="15" count="1" type="stmt"/>
          <line num="24" count="1" type="stmt"/>
          <line num="33" count="1" type="stmt"/>
          <line num="34" count="2" type="stmt"/>
          <line num="39" count="1" type="stmt"/>
        </file>
        <file name="FilterPostForm.js" path="D:\frontcamp\FrontCamp\task9\src\components\FilterPostForm.js">
          <metrics statements="3" coveredstatements="0" conditionals="0" coveredconditionals="0" methods="3" coveredmethods="0"/>
          <line num="5" count="0" type="stmt"/>
          <line num="9" count="0" type="stmt"/>
          <line num="13" count="0" type="stmt"/>
        </file>
        <file name="Header.js" path="D:\frontcamp\FrontCamp\task9\src\components\Header.js">
          <metrics statements="2" coveredstatements="2" conditionals="0" coveredconditionals="0" methods="2" coveredmethods="2"/>
          <line num="6" count="1" type="stmt"/>
          <line num="10" count="1" type="stmt"/>
        </file>
        <file name="ListPage.js" path="D:\frontcamp\FrontCamp\task9\src\components\ListPage.js">
          <metrics statements="7" coveredstatements="7" conditionals="2" coveredconditionals="2" methods="3" coveredmethods="3"/>
          <line num="11" count="2" type="stmt"/>
          <line num="15" count="2" type="cond" truecount="2" falsecount="0"/>
          <line num="16" count="1" type="stmt"/>
          <line num="25" count="1" type="stmt"/>
          <line num="35" count="1" type="stmt"/>
          <line num="36" count="2" type="stmt"/>
          <line num="41" count="1" type="stmt"/>
        </file>
        <file name="LoginPage.js" path="D:\frontcamp\FrontCamp\task9\src\components\LoginPage.js">
          <metrics statements="2" coveredstatements="2" conditionals="0" coveredconditionals="0" methods="2" coveredmethods="2"/>
          <line num="6" count="1" type="stmt"/>
          <line num="10" count="1" type="stmt"/>
        </file>
        <file name="PostItem.js" path="D:\frontcamp\FrontCamp\task9\src\components\PostItem.js">
          <metrics statements="1" coveredstatements="1" conditionals="0" coveredconditionals="0" methods="1" coveredmethods="1"/>
          <line num="5" count="1" type="stmt"/>
        </file>
        <file name="RegisterPage.js" path="D:\frontcamp\FrontCamp\task9\src\components\RegisterPage.js">
          <metrics statements="2" coveredstatements="2" conditionals="0" coveredconditionals="0" methods="2" coveredmethods="2"/>
          <line num="6" count="1" type="stmt"/>
          <line num="10" count="1" type="stmt"/>
        </file>
      </package>
      <package name="config">
        <metrics statements="2" coveredstatements="2" conditionals="0" coveredconditionals="0" methods="0" coveredmethods="0"/>
        <file name="index.js" path="D:\frontcamp\FrontCamp\task9\src\config\index.js">
          <metrics statements="2" coveredstatements="2" conditionals="0" coveredconditionals="0" methods="0" coveredmethods="0"/>
          <line num="1" count="4" type="stmt"/>
          <line num="29" count="4" type="stmt"/>
        </file>
      </package>
      <package name="containers">
        <metrics statements="56" coveredstatements="11" conditionals="12" coveredconditionals="0" methods="24" coveredmethods="0"/>
        <file name="AddPost.js" path="D:\frontcamp\FrontCamp\task9\src\containers\AddPost.js">
          <metrics statements="8" coveredstatements="2" conditionals="0" coveredconditionals="0" methods="4" coveredmethods="0"/>
          <line num="9" count="0" type="stmt"/>
          <line num="13" count="0" type="stmt"/>
          <line num="30" count="0" type="stmt"/>
          <line num="31" count="0" type="stmt"/>
          <line num="32" count="0" type="stmt"/>
          <line num="36" count="1" type="stmt"/>
          <line num="37" count="0" type="stmt"/>
          <line num="42" count="1" type="stmt"/>
        </file>
        <file name="Filter.js" path="D:\frontcamp\FrontCamp\task9\src\containers\Filter.js">
          <metrics statements="6" coveredstatements="3" conditionals="0" coveredconditionals="0" methods="3" coveredmethods="0"/>
          <line num="5" count="2" type="stmt"/>
          <line num="6" count="0" type="stmt"/>
          <line num="11" count="2" type="stmt"/>
          <line num="12" count="0" type="stmt"/>
          <line num="14" count="0" type="stmt"/>
          <line num="19" count="2" type="stmt"/>
        </file>
        <file name="Login.js" path="D:\frontcamp\FrontCamp\task9\src\containers\Login.js">
          <metrics statements="19" coveredstatements="2" conditionals="6" coveredconditionals="0" methods="7" coveredmethods="0"/>
          <line num="10" count="0" type="stmt"/>
          <line num="14" count="0" type="cond" truecount="0" falsecount="2"/>
          <line num="15" count="0" type="stmt"/>
          <line num="24" count="0" type="cond" truecount="0" falsecount="2"/>
          <line num="25" count="0" type="stmt"/>
          <line num="32" count="0" type="stmt"/>
          <line num="33" count="0" type="cond" truecount="0" falsecount="2"/>
          <line num="34" count="0" type="stmt"/>
          <line num="35" count="0" type="stmt"/>
          <line num="41" count="0" type="stmt"/>
          <line num="63" count="0" type="stmt"/>
          <line num="64" count="0" type="stmt"/>
          <line num="65" count="0" type="stmt"/>
          <line num="66" count="0" type="stmt"/>
          <line num="70" count="0" type="stmt"/>
          <line num="71" count="0" type="stmt"/>
          <line num="75" count="1" type="stmt"/>
          <line num="76" count="0" type="stmt"/>
          <line num="84" count="1" type="stmt"/>
        </file>
        <file name="Register.js" path="D:\frontcamp\FrontCamp\task9\src\containers\Register.js">
          <metrics statements="11" coveredstatements="2" conditionals="2" coveredconditionals="0" methods="4" coveredmethods="0"/>
          <line num="9" count="0" type="stmt"/>
          <line num="14" count="0" type="cond" truecount="0" falsecount="2"/>
          <line num="15" count="0" type="stmt"/>
          <line num="22" count="0" type="stmt"/>
          <line num="45" count="0" type="stmt"/>
          <line num="46" count="0" type="stmt"/>
          <line num="47" count="0" type="stmt"/>
          <line num="48" count="0" type="stmt"/>
          <line num="52" count="1" type="stmt"/>
          <line num="53" count="0" type="stmt"/>
          <line num="59" count="1" type="stmt"/>
        </file>
        <file name="listPost.js" path="D:\frontcamp\FrontCamp\task9\src\containers\listPost.js">
          <metrics statements="12" coveredstatements="2" conditionals="4" coveredconditionals="0" methods="6" coveredmethods="0"/>
          <line num="11" count="0" type="stmt"/>
          <line num="12" count="0" type="stmt"/>
          <line num="17" count="0" type="stmt"/>
          <line num="18" count="0" type="stmt"/>
          <line num="22" count="0" type="stmt"/>
          <line num="23" count="0" type="cond" truecount="0" falsecount="4"/>
          <line num="24" count="0" type="stmt"/>
          <line num="27" count="0" type="stmt"/>
          <line num="33" count="0" type="stmt"/>
          <line num="38" count="2" type="stmt"/>
          <line num="39" count="0" type="stmt"/>
          <line num="47" count="2" type="stmt"/>
        </file>
      </package>
      <package name="reducers">
        <metrics statements="26" coveredstatements="26" conditionals="18" coveredconditionals="18" methods="4" coveredmethods="4"/>
        <file name="login.js" path="D:\frontcamp\FrontCamp\task9\src\reducers\login.js">
          <metrics statements="8" coveredstatements="8" conditionals="6" coveredconditionals="6" methods="1" coveredmethods="1"/>
          <line num="1" count="1" type="stmt"/>
          <line num="8" count="1" type="cond" truecount="1" falsecount="0"/>
          <line num="9" count="10" type="cond" truecount="5" falsecount="0"/>
          <line num="11" count="2" type="stmt"/>
          <line num="20" count="2" type="stmt"/>
          <line num="33" count="2" type="stmt"/>
          <line num="45" count="2" type="stmt"/>
          <line num="57" count="2" type="stmt"/>
        </file>
        <file name="posts.js" path="D:\frontcamp\FrontCamp\task9\src\reducers\posts.js">
          <metrics statements="5" coveredstatements="5" conditionals="4" coveredconditionals="4" methods="1" coveredmethods="1"/>
          <line num="1" count="1" type="cond" truecount="1" falsecount="0"/>
          <line num="2" count="6" type="cond" truecount="3" falsecount="0"/>
          <line num="4" count="2" type="stmt"/>
          <line num="6" count="2" type="stmt"/>
          <line num="8" count="2" type="stmt"/>
        </file>
        <file name="register.js" path="D:\frontcamp\FrontCamp\task9\src\reducers\register.js">
          <metrics statements="7" coveredstatements="7" conditionals="5" coveredconditionals="5" methods="1" coveredmethods="1"/>
          <line num="1" count="1" type="stmt"/>
          <line num="5" count="1" type="cond" truecount="1" falsecount="0"/>
          <line num="6" count="8" type="cond" truecount="4" falsecount="0"/>
          <line num="8" count="2" type="stmt"/>
          <line num="16" count="2" type="stmt"/>
          <line num="25" count="2" type="stmt"/>
          <line num="34" count="2" type="stmt"/>
        </file>
        <file name="visibilityFilter.js" path="D:\frontcamp\FrontCamp\task9\src\reducers\visibilityFilter.js">
          <metrics statements="6" coveredstatements="6" conditionals="3" coveredconditionals="3" methods="1" coveredmethods="1"/>
          <line num="1" count="1" type="cond" truecount="1" falsecount="0"/>
          <line num="2" count="4" type="cond" truecount="2" falsecount="0"/>
          <line num="4" count="2" type="stmt"/>
          <line num="5" count="2" type="stmt"/>
          <line num="6" count="2" type="stmt"/>
          <line num="8" count="2" type="stmt"/>
        </file>
      </package>
    </metrics>
  </project>
</coverage>
