{"D:\\frontcamp\\FrontCamp\\task9\\src\\actions\\index.js": {"path":"D:\\frontcamp\\FrontCamp\\task9\\src\\actions\\index.js","statementMap":{"0":{"start":{"line":4,"column":26},"end":{"line":9,"column":1}},"1":{"start":{"line":5,"column":4},"end":{"line":8,"column":5}},"2":{"start":{"line":11,"column":22},"end":{"line":15,"column":1}},"3":{"start":{"line":12,"column":4},"end":{"line":14,"column":5}},"4":{"start":{"line":17,"column":21},"end":{"line":42,"column":1}},"5":{"start":{"line":18,"column":4},"end":{"line":41,"column":5}},"6":{"start":{"line":19,"column":8},"end":{"line":19,"column":34}},"7":{"start":{"line":20,"column":8},"end":{"line":40,"column":102}},"8":{"start":{"line":31,"column":12},"end":{"line":31,"column":35}},"9":{"start":{"line":34,"column":12},"end":{"line":38,"column":13}},"10":{"start":{"line":35,"column":16},"end":{"line":35,"column":86}},"11":{"start":{"line":37,"column":16},"end":{"line":37,"column":87}},"12":{"start":{"line":40,"column":25},"end":{"line":40,"column":101}},"13":{"start":{"line":44,"column":24},"end":{"line":69,"column":1}},"14":{"start":{"line":45,"column":4},"end":{"line":68,"column":5}},"15":{"start":{"line":46,"column":8},"end":{"line":46,"column":37}},"16":{"start":{"line":47,"column":8},"end":{"line":67,"column":105}},"17":{"start":{"line":58,"column":12},"end":{"line":58,"column":35}},"18":{"start":{"line":61,"column":12},"end":{"line":65,"column":13}},"19":{"start":{"line":62,"column":16},"end":{"line":62,"column":90}},"20":{"start":{"line":64,"column":16},"end":{"line":64,"column":73}},"21":{"start":{"line":67,"column":25},"end":{"line":67,"column":104}},"22":{"start":{"line":71,"column":26},"end":{"line":85,"column":1}},"23":{"start":{"line":72,"column":4},"end":{"line":84,"column":5}},"24":{"start":{"line":73,"column":8},"end":{"line":83,"column":10}},"25":{"start":{"line":79,"column":12},"end":{"line":79,"column":35}},"26":{"start":{"line":82,"column":12},"end":{"line":82,"column":63}},"27":{"start":{"line":87,"column":27},"end":{"line":101,"column":1}},"28":{"start":{"line":88,"column":4},"end":{"line":100,"column":5}},"29":{"start":{"line":89,"column":8},"end":{"line":99,"column":10}},"30":{"start":{"line":95,"column":12},"end":{"line":95,"column":35}},"31":{"start":{"line":98,"column":12},"end":{"line":98,"column":64}},"32":{"start":{"line":103,"column":31},"end":{"line":130,"column":1}},"33":{"start":{"line":104,"column":4},"end":{"line":129,"column":5}},"34":{"start":{"line":105,"column":8},"end":{"line":105,"column":45}},"35":{"start":{"line":106,"column":8},"end":{"line":128,"column":105}},"36":{"start":{"line":118,"column":12},"end":{"line":118,"column":34}},"37":{"start":{"line":119,"column":12},"end":{"line":119,"column":35}},"38":{"start":{"line":122,"column":12},"end":{"line":126,"column":13}},"39":{"start":{"line":123,"column":16},"end":{"line":123,"column":72}},"40":{"start":{"line":125,"column":16},"end":{"line":125,"column":95}},"41":{"start":{"line":128,"column":25},"end":{"line":128,"column":104}}},"fnMap":{"0":{"name":"(anonymous_0)","decl":{"start":{"line":4,"column":26},"end":{"line":4,"column":27}},"loc":{"start":{"line":4,"column":38},"end":{"line":9,"column":1}},"line":4},"1":{"name":"(anonymous_1)","decl":{"start":{"line":11,"column":22},"end":{"line":11,"column":23}},"loc":{"start":{"line":11,"column":28},"end":{"line":15,"column":1}},"line":11},"2":{"name":"(anonymous_2)","decl":{"start":{"line":17,"column":21},"end":{"line":17,"column":22}},"loc":{"start":{"line":17,"column":42},"end":{"line":42,"column":1}},"line":17},"3":{"name":"(anonymous_3)","decl":{"start":{"line":18,"column":11},"end":{"line":18,"column":12}},"loc":{"start":{"line":18,"column":25},"end":{"line":41,"column":5}},"line":18},"4":{"name":"(anonymous_4)","decl":{"start":{"line":30,"column":16},"end":{"line":30,"column":17}},"loc":{"start":{"line":30,"column":30},"end":{"line":32,"column":9}},"line":30},"5":{"name":"(anonymous_5)","decl":{"start":{"line":33,"column":14},"end":{"line":33,"column":15}},"loc":{"start":{"line":33,"column":22},"end":{"line":39,"column":9}},"line":33},"6":{"name":"(anonymous_6)","decl":{"start":{"line":40,"column":15},"end":{"line":40,"column":16}},"loc":{"start":{"line":40,"column":25},"end":{"line":40,"column":101}},"line":40},"7":{"name":"(anonymous_7)","decl":{"start":{"line":44,"column":24},"end":{"line":44,"column":25}},"loc":{"start":{"line":44,"column":45},"end":{"line":69,"column":1}},"line":44},"8":{"name":"(anonymous_8)","decl":{"start":{"line":45,"column":11},"end":{"line":45,"column":12}},"loc":{"start":{"line":45,"column":25},"end":{"line":68,"column":5}},"line":45},"9":{"name":"(anonymous_9)","decl":{"start":{"line":57,"column":16},"end":{"line":57,"column":17}},"loc":{"start":{"line":57,"column":30},"end":{"line":59,"column":9}},"line":57},"10":{"name":"(anonymous_10)","decl":{"start":{"line":60,"column":14},"end":{"line":60,"column":15}},"loc":{"start":{"line":60,"column":22},"end":{"line":66,"column":9}},"line":60},"11":{"name":"(anonymous_11)","decl":{"start":{"line":67,"column":15},"end":{"line":67,"column":16}},"loc":{"start":{"line":67,"column":25},"end":{"line":67,"column":104}},"line":67},"12":{"name":"(anonymous_12)","decl":{"start":{"line":71,"column":26},"end":{"line":71,"column":27}},"loc":{"start":{"line":71,"column":37},"end":{"line":85,"column":1}},"line":71},"13":{"name":"(anonymous_13)","decl":{"start":{"line":72,"column":11},"end":{"line":72,"column":12}},"loc":{"start":{"line":72,"column":25},"end":{"line":84,"column":5}},"line":72},"14":{"name":"(anonymous_14)","decl":{"start":{"line":78,"column":16},"end":{"line":78,"column":17}},"loc":{"start":{"line":78,"column":30},"end":{"line":80,"column":9}},"line":78},"15":{"name":"(anonymous_15)","decl":{"start":{"line":81,"column":14},"end":{"line":81,"column":15}},"loc":{"start":{"line":81,"column":22},"end":{"line":83,"column":9}},"line":81},"16":{"name":"(anonymous_16)","decl":{"start":{"line":87,"column":27},"end":{"line":87,"column":28}},"loc":{"start":{"line":87,"column":42},"end":{"line":101,"column":1}},"line":87},"17":{"name":"(anonymous_17)","decl":{"start":{"line":88,"column":11},"end":{"line":88,"column":12}},"loc":{"start":{"line":88,"column":25},"end":{"line":100,"column":5}},"line":88},"18":{"name":"(anonymous_18)","decl":{"start":{"line":94,"column":16},"end":{"line":94,"column":17}},"loc":{"start":{"line":94,"column":30},"end":{"line":96,"column":9}},"line":94},"19":{"name":"(anonymous_19)","decl":{"start":{"line":97,"column":14},"end":{"line":97,"column":15}},"loc":{"start":{"line":97,"column":22},"end":{"line":99,"column":9}},"line":97},"20":{"name":"(anonymous_20)","decl":{"start":{"line":103,"column":31},"end":{"line":103,"column":32}},"loc":{"start":{"line":103,"column":56},"end":{"line":130,"column":1}},"line":103},"21":{"name":"(anonymous_21)","decl":{"start":{"line":104,"column":11},"end":{"line":104,"column":12}},"loc":{"start":{"line":104,"column":25},"end":{"line":129,"column":5}},"line":104},"22":{"name":"(anonymous_22)","decl":{"start":{"line":117,"column":16},"end":{"line":117,"column":17}},"loc":{"start":{"line":117,"column":30},"end":{"line":120,"column":9}},"line":117},"23":{"name":"(anonymous_23)","decl":{"start":{"line":121,"column":14},"end":{"line":121,"column":15}},"loc":{"start":{"line":121,"column":22},"end":{"line":127,"column":9}},"line":121},"24":{"name":"(anonymous_24)","decl":{"start":{"line":128,"column":15},"end":{"line":128,"column":16}},"loc":{"start":{"line":128,"column":25},"end":{"line":128,"column":104}},"line":128}},"branchMap":{"0":{"loc":{"start":{"line":34,"column":12},"end":{"line":38,"column":13}},"type":"if","locations":[{"start":{"line":34,"column":12},"end":{"line":38,"column":13}},{"start":{"line":34,"column":12},"end":{"line":38,"column":13}}],"line":34},"1":{"loc":{"start":{"line":61,"column":12},"end":{"line":65,"column":13}},"type":"if","locations":[{"start":{"line":61,"column":12},"end":{"line":65,"column":13}},{"start":{"line":61,"column":12},"end":{"line":65,"column":13}}],"line":61},"2":{"loc":{"start":{"line":122,"column":12},"end":{"line":126,"column":13}},"type":"if","locations":[{"start":{"line":122,"column":12},"end":{"line":126,"column":13}},{"start":{"line":122,"column":12},"end":{"line":126,"column":13}}],"line":122}},"s":{"0":4,"1":0,"2":4,"3":0,"4":4,"5":0,"6":0,"7":0,"8":0,"9":0,"10":0,"11":0,"12":0,"13":4,"14":0,"15":0,"16":0,"17":0,"18":0,"19":0,"20":0,"21":0,"22":4,"23":0,"24":0,"25":0,"26":0,"27":4,"28":0,"29":0,"30":0,"31":0,"32":4,"33":0,"34":0,"35":0,"36":0,"37":0,"38":0,"39":0,"40":0,"41":0},"f":{"0":0,"1":0,"2":0,"3":0,"4":0,"5":0,"6":0,"7":0,"8":0,"9":0,"10":0,"11":0,"12":0,"13":0,"14":0,"15":0,"16":0,"17":0,"18":0,"19":0,"20":0,"21":0,"22":0,"23":0,"24":0},"b":{"0":[0,0],"1":[0,0],"2":[0,0]},"_coverageSchema":"332fd63041d2c1bcb487cc26dd0d5f7d97098a6c","hash":"3ad8521208d68eb312381df75c5bf7a1b5cb5bf1"}
,"D:\\frontcamp\\FrontCamp\\task9\\src\\components\\AddPostPage.js": {"path":"D:\\frontcamp\\FrontCamp\\task9\\src\\components\\AddPostPage.js","statementMap":{"0":{"start":{"line":10,"column":8},"end":{"line":10,"column":21}},"1":{"start":{"line":14,"column":8},"end":{"line":23,"column":9}},"2":{"start":{"line":15,"column":12},"end":{"line":22,"column":13}},"3":{"start":{"line":24,"column":8},"end":{"line":29,"column":9}},"4":{"start":{"line":33,"column":24},"end":{"line":37,"column":1}},"5":{"start":{"line":34,"column":4},"end":{"line":36,"column":6}},"6":{"start":{"line":39,"column":0},"end":{"line":39,"column":52}}},"fnMap":{"0":{"name":"(anonymous_0)","decl":{"start":{"line":9,"column":4},"end":{"line":9,"column":5}},"loc":{"start":{"line":9,"column":23},"end":{"line":11,"column":5}},"line":9},"1":{"name":"(anonymous_1)","decl":{"start":{"line":13,"column":4},"end":{"line":13,"column":5}},"loc":{"start":{"line":13,"column":13},"end":{"line":30,"column":5}},"line":13},"2":{"name":"(anonymous_2)","decl":{"start":{"line":33,"column":24},"end":{"line":33,"column":25}},"loc":{"start":{"line":33,"column":35},"end":{"line":37,"column":1}},"line":33}},"branchMap":{"0":{"loc":{"start":{"line":14,"column":8},"end":{"line":23,"column":9}},"type":"if","locations":[{"start":{"line":14,"column":8},"end":{"line":23,"column":9}},{"start":{"line":14,"column":8},"end":{"line":23,"column":9}}],"line":14}},"s":{"0":2,"1":2,"2":1,"3":1,"4":1,"5":2,"6":1},"f":{"0":2,"1":2,"2":2},"b":{"0":[1,1]},"_coverageSchema":"332fd63041d2c1bcb487cc26dd0d5f7d97098a6c","hash":"16dce87348d910341e9ef5cc9fac5b48af3bbfc7"}
,"D:\\frontcamp\\FrontCamp\\task9\\src\\components\\FilterPostForm.js": {"path":"D:\\frontcamp\\FrontCamp\\task9\\src\\components\\FilterPostForm.js","statementMap":{"0":{"start":{"line":5,"column":8},"end":{"line":5,"column":21}},"1":{"start":{"line":9,"column":9},"end":{"line":9,"column":47}},"2":{"start":{"line":13,"column":8},"end":{"line":18,"column":10}}},"fnMap":{"0":{"name":"(anonymous_0)","decl":{"start":{"line":4,"column":4},"end":{"line":4,"column":5}},"loc":{"start":{"line":4,"column":23},"end":{"line":6,"column":5}},"line":4},"1":{"name":"(anonymous_1)","decl":{"start":{"line":8,"column":5},"end":{"line":8,"column":6}},"loc":{"start":{"line":8,"column":31},"end":{"line":10,"column":6}},"line":8},"2":{"name":"(anonymous_2)","decl":{"start":{"line":12,"column":4},"end":{"line":12,"column":5}},"loc":{"start":{"line":12,"column":13},"end":{"line":19,"column":5}},"line":12}},"branchMap":{},"s":{"0":0,"1":0,"2":0},"f":{"0":0,"1":0,"2":0},"b":{},"_coverageSchema":"332fd63041d2c1bcb487cc26dd0d5f7d97098a6c","hash":"a6d07d0d59e0baf3643cd4d961d9f4a03442c10d"}
,"D:\\frontcamp\\FrontCamp\\task9\\src\\components\\Header.js": {"path":"D:\\frontcamp\\FrontCamp\\task9\\src\\components\\Header.js","statementMap":{"0":{"start":{"line":6,"column":8},"end":{"line":6,"column":21}},"1":{"start":{"line":10,"column":8},"end":{"line":20,"column":18}}},"fnMap":{"0":{"name":"(anonymous_0)","decl":{"start":{"line":5,"column":4},"end":{"line":5,"column":5}},"loc":{"start":{"line":5,"column":23},"end":{"line":7,"column":5}},"line":5},"1":{"name":"(anonymous_1)","decl":{"start":{"line":9,"column":4},"end":{"line":9,"column":5}},"loc":{"start":{"line":9,"column":13},"end":{"line":21,"column":5}},"line":9}},"branchMap":{},"s":{"0":1,"1":1},"f":{"0":1,"1":1},"b":{},"_coverageSchema":"332fd63041d2c1bcb487cc26dd0d5f7d97098a6c","hash":"7f13f87b6e15c28c2c336b467c7929fc9c6cbcbe"}
,"D:\\frontcamp\\FrontCamp\\task9\\src\\components\\ListPage.js": {"path":"D:\\frontcamp\\FrontCamp\\task9\\src\\components\\ListPage.js","statementMap":{"0":{"start":{"line":11,"column":4},"end":{"line":11,"column":17}},"1":{"start":{"line":15,"column":4},"end":{"line":24,"column":5}},"2":{"start":{"line":16,"column":8},"end":{"line":23,"column":9}},"3":{"start":{"line":25,"column":4},"end":{"line":31,"column":5}},"4":{"start":{"line":35,"column":24},"end":{"line":39,"column":1}},"5":{"start":{"line":36,"column":4},"end":{"line":38,"column":6}},"6":{"start":{"line":41,"column":0},"end":{"line":41,"column":46}}},"fnMap":{"0":{"name":"(anonymous_0)","decl":{"start":{"line":10,"column":2},"end":{"line":10,"column":3}},"loc":{"start":{"line":10,"column":21},"end":{"line":12,"column":3}},"line":10},"1":{"name":"(anonymous_1)","decl":{"start":{"line":14,"column":2},"end":{"line":14,"column":3}},"loc":{"start":{"line":14,"column":11},"end":{"line":32,"column":3}},"line":14},"2":{"name":"(anonymous_2)","decl":{"start":{"line":35,"column":24},"end":{"line":35,"column":25}},"loc":{"start":{"line":35,"column":35},"end":{"line":39,"column":1}},"line":35}},"branchMap":{"0":{"loc":{"start":{"line":15,"column":4},"end":{"line":24,"column":5}},"type":"if","locations":[{"start":{"line":15,"column":4},"end":{"line":24,"column":5}},{"start":{"line":15,"column":4},"end":{"line":24,"column":5}}],"line":15}},"s":{"0":2,"1":2,"2":1,"3":1,"4":1,"5":2,"6":1},"f":{"0":2,"1":2,"2":2},"b":{"0":[1,1]},"_coverageSchema":"332fd63041d2c1bcb487cc26dd0d5f7d97098a6c","hash":"3f64820da9ecae8633674ce36cc576063b2a100d"}
,"D:\\frontcamp\\FrontCamp\\task9\\src\\components\\LoginPage.js": {"path":"D:\\frontcamp\\FrontCamp\\task9\\src\\components\\LoginPage.js","statementMap":{"0":{"start":{"line":6,"column":8},"end":{"line":6,"column":21}},"1":{"start":{"line":10,"column":8},"end":{"line":15,"column":9}}},"fnMap":{"0":{"name":"(anonymous_0)","decl":{"start":{"line":5,"column":4},"end":{"line":5,"column":5}},"loc":{"start":{"line":5,"column":23},"end":{"line":7,"column":5}},"line":5},"1":{"name":"(anonymous_1)","decl":{"start":{"line":9,"column":4},"end":{"line":9,"column":5}},"loc":{"start":{"line":9,"column":13},"end":{"line":16,"column":5}},"line":9}},"branchMap":{},"s":{"0":1,"1":1},"f":{"0":1,"1":1},"b":{},"_coverageSchema":"332fd63041d2c1bcb487cc26dd0d5f7d97098a6c","hash":"27e4c90ca3ce2aabf668946bb0bace78cf924733"}
,"D:\\frontcamp\\FrontCamp\\task9\\src\\components\\PostItem.js": {"path":"D:\\frontcamp\\FrontCamp\\task9\\src\\components\\PostItem.js","statementMap":{"0":{"start":{"line":5,"column":8},"end":{"line":10,"column":10}}},"fnMap":{"0":{"name":"(anonymous_0)","decl":{"start":{"line":4,"column":4},"end":{"line":4,"column":5}},"loc":{"start":{"line":4,"column":13},"end":{"line":11,"column":5}},"line":4}},"branchMap":{},"s":{"0":1},"f":{"0":1},"b":{},"_coverageSchema":"332fd63041d2c1bcb487cc26dd0d5f7d97098a6c","hash":"6defd1969c2be9b5e19f5cecc8e746b24d4e6923"}
,"D:\\frontcamp\\FrontCamp\\task9\\src\\components\\RegisterPage.js": {"path":"D:\\frontcamp\\FrontCamp\\task9\\src\\components\\RegisterPage.js","statementMap":{"0":{"start":{"line":6,"column":8},"end":{"line":6,"column":21}},"1":{"start":{"line":10,"column":8},"end":{"line":15,"column":9}}},"fnMap":{"0":{"name":"(anonymous_0)","decl":{"start":{"line":5,"column":4},"end":{"line":5,"column":5}},"loc":{"start":{"line":5,"column":23},"end":{"line":7,"column":5}},"line":5},"1":{"name":"(anonymous_1)","decl":{"start":{"line":9,"column":4},"end":{"line":9,"column":5}},"loc":{"start":{"line":9,"column":13},"end":{"line":16,"column":5}},"line":9}},"branchMap":{},"s":{"0":1,"1":1},"f":{"0":1,"1":1},"b":{},"_coverageSchema":"332fd63041d2c1bcb487cc26dd0d5f7d97098a6c","hash":"49957207716d74ede86e161354e6230615b6fa10"}
,"D:\\frontcamp\\FrontCamp\\task9\\src\\config\\index.js": {"path":"D:\\frontcamp\\FrontCamp\\task9\\src\\config\\index.js","statementMap":{"0":{"start":{"line":1,"column":19},"end":{"line":27,"column":1}},"1":{"start":{"line":29,"column":22},"end":{"line":31,"column":1}}},"fnMap":{},"branchMap":{},"s":{"0":4,"1":4},"f":{},"b":{},"_coverageSchema":"332fd63041d2c1bcb487cc26dd0d5f7d97098a6c","hash":"207830bbd1fd14f5bfad7c59b6d563616af16779"}
,"D:\\frontcamp\\FrontCamp\\task9\\src\\containers\\AddPost.js": {"path":"D:\\frontcamp\\FrontCamp\\task9\\src\\containers\\AddPost.js","statementMap":{"0":{"start":{"line":9,"column":8},"end":{"line":9,"column":21}},"1":{"start":{"line":13,"column":8},"end":{"line":26,"column":16}},"2":{"start":{"line":30,"column":8},"end":{"line":30,"column":31}},"3":{"start":{"line":31,"column":8},"end":{"line":31,"column":106}},"4":{"start":{"line":32,"column":8},"end":{"line":32,"column":34}},"5":{"start":{"line":36,"column":24},"end":{"line":41,"column":1}},"6":{"start":{"line":37,"column":4},"end":{"line":40,"column":6}},"7":{"start":{"line":42,"column":0},"end":{"line":42,"column":52}}},"fnMap":{"0":{"name":"(anonymous_0)","decl":{"start":{"line":8,"column":4},"end":{"line":8,"column":5}},"loc":{"start":{"line":8,"column":23},"end":{"line":10,"column":5}},"line":8},"1":{"name":"(anonymous_1)","decl":{"start":{"line":12,"column":4},"end":{"line":12,"column":5}},"loc":{"start":{"line":12,"column":13},"end":{"line":27,"column":5}},"line":12},"2":{"name":"(anonymous_2)","decl":{"start":{"line":29,"column":4},"end":{"line":29,"column":5}},"loc":{"start":{"line":29,"column":20},"end":{"line":33,"column":5}},"line":29},"3":{"name":"(anonymous_3)","decl":{"start":{"line":36,"column":24},"end":{"line":36,"column":25}},"loc":{"start":{"line":36,"column":35},"end":{"line":41,"column":1}},"line":36}},"branchMap":{},"s":{"0":0,"1":0,"2":0,"3":0,"4":0,"5":1,"6":0,"7":1},"f":{"0":0,"1":0,"2":0,"3":0},"b":{},"_coverageSchema":"332fd63041d2c1bcb487cc26dd0d5f7d97098a6c","hash":"178d4bd2d7c76a0282ee1238a3c3d028eb457147"}
,"D:\\frontcamp\\FrontCamp\\task9\\src\\containers\\Filter.js": {"path":"D:\\frontcamp\\FrontCamp\\task9\\src\\containers\\Filter.js","statementMap":{"0":{"start":{"line":5,"column":24},"end":{"line":9,"column":1}},"1":{"start":{"line":6,"column":4},"end":{"line":8,"column":6}},"2":{"start":{"line":11,"column":27},"end":{"line":17,"column":1}},"3":{"start":{"line":12,"column":4},"end":{"line":16,"column":5}},"4":{"start":{"line":14,"column":12},"end":{"line":14,"column":41}},"5":{"start":{"line":19,"column":15},"end":{"line":19,"column":75}}},"fnMap":{"0":{"name":"(anonymous_0)","decl":{"start":{"line":5,"column":24},"end":{"line":5,"column":25}},"loc":{"start":{"line":5,"column":35},"end":{"line":9,"column":1}},"line":5},"1":{"name":"(anonymous_1)","decl":{"start":{"line":11,"column":27},"end":{"line":11,"column":28}},"loc":{"start":{"line":11,"column":39},"end":{"line":17,"column":1}},"line":11},"2":{"name":"(anonymous_2)","decl":{"start":{"line":13,"column":20},"end":{"line":13,"column":21}},"loc":{"start":{"line":13,"column":30},"end":{"line":15,"column":9}},"line":13}},"branchMap":{},"s":{"0":2,"1":0,"2":2,"3":0,"4":0,"5":2},"f":{"0":0,"1":0,"2":0},"b":{},"_coverageSchema":"332fd63041d2c1bcb487cc26dd0d5f7d97098a6c","hash":"f769983608a20d68809101d5b8d359fd602c4da9"}
,"D:\\frontcamp\\FrontCamp\\task9\\src\\containers\\Login.js": {"path":"D:\\frontcamp\\FrontCamp\\task9\\src\\containers\\Login.js","statementMap":{"0":{"start":{"line":10,"column":8},"end":{"line":10,"column":21}},"1":{"start":{"line":14,"column":8},"end":{"line":22,"column":9}},"2":{"start":{"line":15,"column":12},"end":{"line":21,"column":20}},"3":{"start":{"line":24,"column":8},"end":{"line":31,"column":9}},"4":{"start":{"line":25,"column":12},"end":{"line":30,"column":20}},"5":{"start":{"line":32,"column":22},"end":{"line":32,"column":52}},"6":{"start":{"line":32,"column":30},"end":{"line":32,"column":50}},"7":{"start":{"line":33,"column":8},"end":{"line":39,"column":9}},"8":{"start":{"line":34,"column":12},"end":{"line":38,"column":14}},"9":{"start":{"line":35,"column":16},"end":{"line":37,"column":18}},"10":{"start":{"line":41,"column":8},"end":{"line":59,"column":16}},"11":{"start":{"line":63,"column":8},"end":{"line":63,"column":31}},"12":{"start":{"line":64,"column":8},"end":{"line":64,"column":84}},"13":{"start":{"line":65,"column":8},"end":{"line":65,"column":38}},"14":{"start":{"line":66,"column":8},"end":{"line":66,"column":35}},"15":{"start":{"line":70,"column":8},"end":{"line":70,"column":31}},"16":{"start":{"line":71,"column":8},"end":{"line":71,"column":38}},"17":{"start":{"line":75,"column":24},"end":{"line":82,"column":1}},"18":{"start":{"line":76,"column":4},"end":{"line":81,"column":6}},"19":{"start":{"line":84,"column":0},"end":{"line":84,"column":48}}},"fnMap":{"0":{"name":"(anonymous_0)","decl":{"start":{"line":9,"column":4},"end":{"line":9,"column":5}},"loc":{"start":{"line":9,"column":23},"end":{"line":11,"column":5}},"line":9},"1":{"name":"(anonymous_1)","decl":{"start":{"line":13,"column":4},"end":{"line":13,"column":5}},"loc":{"start":{"line":13,"column":13},"end":{"line":60,"column":5}},"line":13},"2":{"name":"(anonymous_2)","decl":{"start":{"line":32,"column":22},"end":{"line":32,"column":23}},"loc":{"start":{"line":32,"column":28},"end":{"line":32,"column":52}},"line":32},"3":{"name":"(anonymous_3)","decl":{"start":{"line":34,"column":22},"end":{"line":34,"column":23}},"loc":{"start":{"line":34,"column":28},"end":{"line":38,"column":13}},"line":34},"4":{"name":"(anonymous_4)","decl":{"start":{"line":62,"column":4},"end":{"line":62,"column":5}},"loc":{"start":{"line":62,"column":20},"end":{"line":67,"column":5}},"line":62},"5":{"name":"(anonymous_5)","decl":{"start":{"line":69,"column":4},"end":{"line":69,"column":5}},"loc":{"start":{"line":69,"column":17},"end":{"line":72,"column":5}},"line":69},"6":{"name":"(anonymous_6)","decl":{"start":{"line":75,"column":24},"end":{"line":75,"column":25}},"loc":{"start":{"line":75,"column":35},"end":{"line":82,"column":1}},"line":75}},"branchMap":{"0":{"loc":{"start":{"line":14,"column":8},"end":{"line":22,"column":9}},"type":"if","locations":[{"start":{"line":14,"column":8},"end":{"line":22,"column":9}},{"start":{"line":14,"column":8},"end":{"line":22,"column":9}}],"line":14},"1":{"loc":{"start":{"line":24,"column":8},"end":{"line":31,"column":9}},"type":"if","locations":[{"start":{"line":24,"column":8},"end":{"line":31,"column":9}},{"start":{"line":24,"column":8},"end":{"line":31,"column":9}}],"line":24},"2":{"loc":{"start":{"line":33,"column":8},"end":{"line":39,"column":9}},"type":"if","locations":[{"start":{"line":33,"column":8},"end":{"line":39,"column":9}},{"start":{"line":33,"column":8},"end":{"line":39,"column":9}}],"line":33}},"s":{"0":0,"1":0,"2":0,"3":0,"4":0,"5":0,"6":0,"7":0,"8":0,"9":0,"10":0,"11":0,"12":0,"13":0,"14":0,"15":0,"16":0,"17":1,"18":0,"19":1},"f":{"0":0,"1":0,"2":0,"3":0,"4":0,"5":0,"6":0},"b":{"0":[0,0],"1":[0,0],"2":[0,0]},"_coverageSchema":"332fd63041d2c1bcb487cc26dd0d5f7d97098a6c","hash":"bea9dfd6d064916c5e4026c35cc2d15cb83dcaba"}
,"D:\\frontcamp\\FrontCamp\\task9\\src\\containers\\Register.js": {"path":"D:\\frontcamp\\FrontCamp\\task9\\src\\containers\\Register.js","statementMap":{"0":{"start":{"line":9,"column":8},"end":{"line":9,"column":21}},"1":{"start":{"line":14,"column":8},"end":{"line":41,"column":9}},"2":{"start":{"line":15,"column":12},"end":{"line":20,"column":20}},"3":{"start":{"line":22,"column":12},"end":{"line":40,"column":20}},"4":{"start":{"line":45,"column":8},"end":{"line":45,"column":31}},"5":{"start":{"line":46,"column":8},"end":{"line":46,"column":87}},"6":{"start":{"line":47,"column":8},"end":{"line":47,"column":38}},"7":{"start":{"line":48,"column":8},"end":{"line":48,"column":35}},"8":{"start":{"line":52,"column":24},"end":{"line":57,"column":1}},"9":{"start":{"line":53,"column":4},"end":{"line":56,"column":6}},"10":{"start":{"line":59,"column":0},"end":{"line":59,"column":54}}},"fnMap":{"0":{"name":"(anonymous_0)","decl":{"start":{"line":8,"column":4},"end":{"line":8,"column":5}},"loc":{"start":{"line":8,"column":23},"end":{"line":10,"column":5}},"line":8},"1":{"name":"(anonymous_1)","decl":{"start":{"line":13,"column":4},"end":{"line":13,"column":5}},"loc":{"start":{"line":13,"column":13},"end":{"line":42,"column":5}},"line":13},"2":{"name":"(anonymous_2)","decl":{"start":{"line":44,"column":4},"end":{"line":44,"column":5}},"loc":{"start":{"line":44,"column":20},"end":{"line":49,"column":5}},"line":44},"3":{"name":"(anonymous_3)","decl":{"start":{"line":52,"column":24},"end":{"line":52,"column":25}},"loc":{"start":{"line":52,"column":35},"end":{"line":57,"column":1}},"line":52}},"branchMap":{"0":{"loc":{"start":{"line":14,"column":8},"end":{"line":41,"column":9}},"type":"if","locations":[{"start":{"line":14,"column":8},"end":{"line":41,"column":9}},{"start":{"line":14,"column":8},"end":{"line":41,"column":9}}],"line":14}},"s":{"0":0,"1":0,"2":0,"3":0,"4":0,"5":0,"6":0,"7":0,"8":1,"9":0,"10":1},"f":{"0":0,"1":0,"2":0,"3":0},"b":{"0":[0,0]},"_coverageSchema":"332fd63041d2c1bcb487cc26dd0d5f7d97098a6c","hash":"61e43ddb5a6b9a0c630291d65d1e4eab2d354a71"}
,"D:\\frontcamp\\FrontCamp\\task9\\src\\containers\\listPost.js": {"path":"D:\\frontcamp\\FrontCamp\\task9\\src\\containers\\listPost.js","statementMap":{"0":{"start":{"line":11,"column":8},"end":{"line":11,"column":21}},"1":{"start":{"line":12,"column":8},"end":{"line":12,"column":58}},"2":{"start":{"line":17,"column":8},"end":{"line":17,"column":62}},"3":{"start":{"line":18,"column":8},"end":{"line":18,"column":58}},"4":{"start":{"line":22,"column":20},"end":{"line":31,"column":10}},"5":{"start":{"line":23,"column":12},"end":{"line":30,"column":13}},"6":{"start":{"line":24,"column":16},"end":{"line":29,"column":18}},"7":{"start":{"line":27,"column":78},"end":{"line":27,"column":103}},"8":{"start":{"line":33,"column":8},"end":{"line":34,"column":55}},"9":{"start":{"line":38,"column":24},"end":{"line":45,"column":1}},"10":{"start":{"line":39,"column":4},"end":{"line":44,"column":6}},"11":{"start":{"line":47,"column":0},"end":{"line":47,"column":46}}},"fnMap":{"0":{"name":"(anonymous_0)","decl":{"start":{"line":10,"column":4},"end":{"line":10,"column":5}},"loc":{"start":{"line":10,"column":23},"end":{"line":13,"column":5}},"line":10},"1":{"name":"(anonymous_1)","decl":{"start":{"line":16,"column":4},"end":{"line":16,"column":5}},"loc":{"start":{"line":16,"column":19},"end":{"line":19,"column":5}},"line":16},"2":{"name":"(anonymous_2)","decl":{"start":{"line":21,"column":4},"end":{"line":21,"column":5}},"loc":{"start":{"line":21,"column":13},"end":{"line":35,"column":5}},"line":21},"3":{"name":"(anonymous_3)","decl":{"start":{"line":22,"column":41},"end":{"line":22,"column":42}},"loc":{"start":{"line":22,"column":58},"end":{"line":31,"column":9}},"line":22},"4":{"name":"(anonymous_4)","decl":{"start":{"line":27,"column":71},"end":{"line":27,"column":72}},"loc":{"start":{"line":27,"column":78},"end":{"line":27,"column":103}},"line":27},"5":{"name":"(anonymous_5)","decl":{"start":{"line":38,"column":24},"end":{"line":38,"column":25}},"loc":{"start":{"line":38,"column":35},"end":{"line":45,"column":1}},"line":38}},"branchMap":{"0":{"loc":{"start":{"line":23,"column":12},"end":{"line":30,"column":13}},"type":"if","locations":[{"start":{"line":23,"column":12},"end":{"line":30,"column":13}},{"start":{"line":23,"column":12},"end":{"line":30,"column":13}}],"line":23},"1":{"loc":{"start":{"line":23,"column":16},"end":{"line":23,"column":100}},"type":"binary-expr","locations":[{"start":{"line":23,"column":16},"end":{"line":23,"column":50}},{"start":{"line":23,"column":54},"end":{"line":23,"column":100}}],"line":23}},"s":{"0":0,"1":0,"2":0,"3":0,"4":0,"5":0,"6":0,"7":0,"8":0,"9":2,"10":0,"11":2},"f":{"0":0,"1":0,"2":0,"3":0,"4":0,"5":0},"b":{"0":[0,0],"1":[0,0]},"_coverageSchema":"332fd63041d2c1bcb487cc26dd0d5f7d97098a6c","hash":"ca568d0e56c39b736f7130705545a64b03b9fbfb"}
,"D:\\frontcamp\\FrontCamp\\task9\\src\\reducers\\login.js": {"path":"D:\\frontcamp\\FrontCamp\\task9\\src\\reducers\\login.js","statementMap":{"0":{"start":{"line":1,"column":21},"end":{"line":7,"column":1}},"1":{"start":{"line":8,"column":14},"end":{"line":59,"column":1}},"2":{"start":{"line":9,"column":4},"end":{"line":58,"column":5}},"3":{"start":{"line":11,"column":12},"end":{"line":18,"column":14}},"4":{"start":{"line":20,"column":12},"end":{"line":31,"column":14}},"5":{"start":{"line":33,"column":12},"end":{"line":43,"column":14}},"6":{"start":{"line":45,"column":12},"end":{"line":55,"column":14}},"7":{"start":{"line":57,"column":12},"end":{"line":57,"column":24}}},"fnMap":{"0":{"name":"(anonymous_0)","decl":{"start":{"line":8,"column":14},"end":{"line":8,"column":15}},"loc":{"start":{"line":8,"column":48},"end":{"line":59,"column":1}},"line":8}},"branchMap":{"0":{"loc":{"start":{"line":8,"column":15},"end":{"line":8,"column":35}},"type":"default-arg","locations":[{"start":{"line":8,"column":23},"end":{"line":8,"column":35}}],"line":8},"1":{"loc":{"start":{"line":9,"column":4},"end":{"line":58,"column":5}},"type":"switch","locations":[{"start":{"line":10,"column":8},"end":{"line":18,"column":14}},{"start":{"line":19,"column":8},"end":{"line":31,"column":14}},{"start":{"line":32,"column":8},"end":{"line":43,"column":14}},{"start":{"line":44,"column":8},"end":{"line":55,"column":14}},{"start":{"line":56,"column":8},"end":{"line":57,"column":24}}],"line":9}},"s":{"0":1,"1":1,"2":10,"3":2,"4":2,"5":2,"6":2,"7":2},"f":{"0":10},"b":{"0":[6],"1":[2,2,2,2,2]},"_coverageSchema":"332fd63041d2c1bcb487cc26dd0d5f7d97098a6c","hash":"4604c9090af65fdf082c6a7f75ffb4124aace4fa"}
,"D:\\frontcamp\\FrontCamp\\task9\\src\\reducers\\posts.js": {"path":"D:\\frontcamp\\FrontCamp\\task9\\src\\reducers\\posts.js","statementMap":{"0":{"start":{"line":1,"column":14},"end":{"line":10,"column":1}},"1":{"start":{"line":2,"column":4},"end":{"line":9,"column":5}},"2":{"start":{"line":4,"column":12},"end":{"line":4,"column":25}},"3":{"start":{"line":6,"column":12},"end":{"line":6,"column":32}},"4":{"start":{"line":8,"column":12},"end":{"line":8,"column":24}}},"fnMap":{"0":{"name":"(anonymous_0)","decl":{"start":{"line":1,"column":14},"end":{"line":1,"column":15}},"loc":{"start":{"line":1,"column":38},"end":{"line":10,"column":1}},"line":1}},"branchMap":{"0":{"loc":{"start":{"line":1,"column":15},"end":{"line":1,"column":25}},"type":"default-arg","locations":[{"start":{"line":1,"column":23},"end":{"line":1,"column":25}}],"line":1},"1":{"loc":{"start":{"line":2,"column":4},"end":{"line":9,"column":5}},"type":"switch","locations":[{"start":{"line":3,"column":8},"end":{"line":4,"column":25}},{"start":{"line":5,"column":8},"end":{"line":6,"column":32}},{"start":{"line":7,"column":8},"end":{"line":8,"column":24}}],"line":2}},"s":{"0":1,"1":6,"2":2,"3":2,"4":2},"f":{"0":6},"b":{"0":[4],"1":[2,2,2]},"_coverageSchema":"332fd63041d2c1bcb487cc26dd0d5f7d97098a6c","hash":"d035cb2ad929f40cd50e8641a7c99ae441e5d1d4"}
,"D:\\frontcamp\\FrontCamp\\task9\\src\\reducers\\register.js": {"path":"D:\\frontcamp\\FrontCamp\\task9\\src\\reducers\\register.js","statementMap":{"0":{"start":{"line":1,"column":21},"end":{"line":4,"column":1}},"1":{"start":{"line":5,"column":17},"end":{"line":36,"column":1}},"2":{"start":{"line":6,"column":4},"end":{"line":35,"column":5}},"3":{"start":{"line":8,"column":12},"end":{"line":14,"column":14}},"4":{"start":{"line":16,"column":12},"end":{"line":23,"column":14}},"5":{"start":{"line":25,"column":12},"end":{"line":32,"column":14}},"6":{"start":{"line":34,"column":12},"end":{"line":34,"column":24}}},"fnMap":{"0":{"name":"(anonymous_0)","decl":{"start":{"line":5,"column":17},"end":{"line":5,"column":18}},"loc":{"start":{"line":5,"column":51},"end":{"line":36,"column":1}},"line":5}},"branchMap":{"0":{"loc":{"start":{"line":5,"column":18},"end":{"line":5,"column":38}},"type":"default-arg","locations":[{"start":{"line":5,"column":26},"end":{"line":5,"column":38}}],"line":5},"1":{"loc":{"start":{"line":6,"column":4},"end":{"line":35,"column":5}},"type":"switch","locations":[{"start":{"line":7,"column":8},"end":{"line":14,"column":14}},{"start":{"line":15,"column":8},"end":{"line":23,"column":14}},{"start":{"line":24,"column":8},"end":{"line":32,"column":14}},{"start":{"line":33,"column":8},"end":{"line":34,"column":24}}],"line":6}},"s":{"0":1,"1":1,"2":8,"3":2,"4":2,"5":2,"6":2},"f":{"0":8},"b":{"0":[2],"1":[2,2,2,2]},"_coverageSchema":"332fd63041d2c1bcb487cc26dd0d5f7d97098a6c","hash":"2f7ef38817fbd4aebb29cd39e558609985f35ac7"}
,"D:\\frontcamp\\FrontCamp\\task9\\src\\reducers\\visibilityFilter.js": {"path":"D:\\frontcamp\\FrontCamp\\task9\\src\\reducers\\visibilityFilter.js","statementMap":{"0":{"start":{"line":1,"column":25},"end":{"line":10,"column":1}},"1":{"start":{"line":2,"column":4},"end":{"line":9,"column":5}},"2":{"start":{"line":4,"column":27},"end":{"line":4,"column":32}},"3":{"start":{"line":5,"column":12},"end":{"line":5,"column":37}},"4":{"start":{"line":6,"column":12},"end":{"line":6,"column":28}},"5":{"start":{"line":8,"column":12},"end":{"line":8,"column":24}}},"fnMap":{"0":{"name":"(anonymous_0)","decl":{"start":{"line":1,"column":25},"end":{"line":1,"column":26}},"loc":{"start":{"line":1,"column":49},"end":{"line":10,"column":1}},"line":1}},"branchMap":{"0":{"loc":{"start":{"line":1,"column":26},"end":{"line":1,"column":36}},"type":"default-arg","locations":[{"start":{"line":1,"column":34},"end":{"line":1,"column":36}}],"line":1},"1":{"loc":{"start":{"line":2,"column":4},"end":{"line":9,"column":5}},"type":"switch","locations":[{"start":{"line":3,"column":8},"end":{"line":6,"column":28}},{"start":{"line":7,"column":8},"end":{"line":8,"column":24}}],"line":2}},"s":{"0":1,"1":4,"2":2,"3":2,"4":2,"5":2},"f":{"0":4},"b":{"0":[2],"1":[2,2]},"_coverageSchema":"332fd63041d2c1bcb487cc26dd0d5f7d97098a6c","hash":"313e00f5739b1b845de2c87fe860954438bf236a"}
}
